<?xml version="1.0" encoding="UTF-8"?>
<testng-results ignored="0" total="1" passed="1" failed="0" skipped="0">
  <reporter-output>
  </reporter-output>
  <suite started-at="2023-10-07T12:51:10 IST" name="Default suite" finished-at="2023-10-07T12:51:35 IST" duration-ms="25484">
    <groups>
    </groups>
    <test started-at="2023-10-07T12:51:10 IST" name="Default test" finished-at="2023-10-07T12:51:35 IST" duration-ms="25484">
      <class name="MobileTesting.EcommerceTC4">
        <test-method is-config="true" signature="ConfigurationAppium()[pri:0, instance:MobileTesting.EcommerceTC4@74ea2410]" started-at="2023-10-07T12:51:10 IST" name="ConfigurationAppium" finished-at="2023-10-07T12:51:18 IST" duration-ms="8110" status="PASS">
          <reporter-output>
          </reporter-output>
        </test-method> <!-- ConfigurationAppium -->
        <test-method signature="ProductSelect()[pri:0, instance:MobileTesting.EcommerceTC4@74ea2410]" started-at="2023-10-07T12:51:18 IST" name="ProductSelect" finished-at="2023-10-07T12:51:35 IST" duration-ms="16924" status="PASS">
          <reporter-output>
          </reporter-output>
        </test-method> <!-- ProductSelect -->
        <test-method is-config="true" signature="TearDown()[pri:0, instance:MobileTesting.EcommerceTC4@74ea2410]" started-at="2023-10-07T12:51:35 IST" name="TearDown" finished-at="2023-10-07T12:51:35 IST" duration-ms="399" status="PASS">
          <reporter-output>
          </reporter-output>
        </test-method> <!-- TearDown -->
      </class> <!-- MobileTesting.EcommerceTC4 -->
    </test> <!-- Default test -->
  </suite> <!-- Default suite -->
</testng-results>
